<?xml version="1.0" encoding="UTF-8"?>
<testsuite name="controllers.BookAPITest$AddBooks" tests="2" skipped="0" failures="0" errors="0" timestamp="2022-04-29T21:01:15" hostname="LAPTOP-VKTB1SKM" time="0.372">
  <properties/>
  <testcase name="adding a Book to a populated list adds to ArrayList()" classname="controllers.BookAPITest$AddBooks" time="0.367"/>
  <testcase name="adding a Book to an empty list adds to ArrayList()" classname="controllers.BookAPITest$AddBooks" time="0.003"/>
  <system-out><![CDATA[]]></system-out>
  <system-err><![CDATA[]]></system-err>
</testsuite>
